0 info it worked if it ends with ok
1 verbose cli [ 'C:\\Program Files\\nodejs\\node.exe',
1 verbose cli   'C:\\Users\\gongbaodd\\AppData\\Roaming\\npm\\node_modules\\cnpm\\node_modules\\npm\\bin\\npm-cli.js',
1 verbose cli   '--userconfig=C:\\Users\\gongbaodd\\.cnpmrc',
1 verbose cli   '--disturl=https://npm.taobao.org/mirrors/node',
1 verbose cli   '--cache=C:\\Users\\gongbaodd\\.cnpm',
1 verbose cli   '--registry=https://registry.npm.taobao.org',
1 verbose cli   '--node-gyp=C:\\Users\\gongbaodd\\AppData\\Roaming\\npm\\node_modules\\cnpm\\node_modules\\node-gyp\\bin\\node-gyp.js',
1 verbose cli   'install',
1 verbose cli   '-g',
1 verbose cli   'commitizen' ]
2 info using npm@2.14.16
3 info using node@v5.2.0
4 verbose install initial load of C:\Program Files\nodejs\package.json
5 verbose readDependencies loading dependencies from C:\Program Files\nodejs\package.json
6 silly cache add args [ 'commitizen', null ]
7 verbose cache add spec commitizen
8 silly cache add parsed spec Result {
8 silly cache add   raw: 'commitizen',
8 silly cache add   scope: null,
8 silly cache add   name: 'commitizen',
8 silly cache add   rawSpec: '',
8 silly cache add   spec: 'latest',
8 silly cache add   type: 'tag' }
9 silly addNamed commitizen@latest
10 verbose addNamed "latest" is being treated as a dist-tag for commitizen
11 info addNameTag [ 'commitizen', 'latest' ]
12 silly mapToRegistry name commitizen
13 silly mapToRegistry using default registry
14 silly mapToRegistry registry https://registry.npm.taobao.org/
15 silly mapToRegistry uri https://registry.npm.taobao.org/commitizen
16 verbose addNameTag registry:https://registry.npm.taobao.org/commitizen not in flight; fetching
17 verbose request uri https://registry.npm.taobao.org/commitizen
18 verbose request no auth needed
19 info attempt registry request try #1 at 11:36:45
20 verbose request id d2e7dbac0e0ff6cd
21 http request GET https://registry.npm.taobao.org/commitizen
22 http 200 https://registry.npm.taobao.org/commitizen
23 verbose headers { date: 'Wed, 27 Jan 2016 03:36:38 GMT',
23 verbose headers   'content-type': 'application/json; charset=utf-8',
23 verbose headers   'content-length': '52161',
23 verbose headers   connection: 'keep-alive',
23 verbose headers   etag: '"cbc1-9rY19ES0oUNVD1MC2PjOWA"',
23 verbose headers   'x-readtime': '23' }
24 silly get cb [ 200,
24 silly get   { date: 'Wed, 27 Jan 2016 03:36:38 GMT',
24 silly get     'content-type': 'application/json; charset=utf-8',
24 silly get     'content-length': '52161',
24 silly get     connection: 'keep-alive',
24 silly get     etag: '"cbc1-9rY19ES0oUNVD1MC2PjOWA"',
24 silly get     'x-readtime': '23' } ]
25 verbose get saving commitizen to C:\Users\gongbaodd\.cnpm\registry.npm.taobao.org\commitizen\.cache.json
26 verbose correctMkdir C:\Users\gongbaodd\.cnpm correctMkdir not in flight; initializing
27 verbose makeDirectory C:\Users\gongbaodd\.cnpm creation not in flight; initializing
28 verbose makeCacheDir UID & GID are irrelevant on win32
29 silly addNameTag next cb for commitizen with tag latest
30 silly addNamed commitizen@2.5.0
31 verbose addNamed "2.5.0" is a plain semver version for commitizen
32 silly mapToRegistry name commitizen
33 silly mapToRegistry using default registry
34 silly mapToRegistry registry https://registry.npm.taobao.org/
35 silly mapToRegistry uri https://registry.npm.taobao.org/commitizen
36 verbose addRemoteTarball https://registry.npm.taobao.org/commitizen/download/commitizen-2.5.0.tgz not in flight; adding
37 verbose addRemoteTarball [ 'https://registry.npm.taobao.org/commitizen/download/commitizen-2.5.0.tgz',
37 verbose addRemoteTarball   '18cb57b5d115571ff1f8d983ee1b3e88dd54a32f' ]
38 info retry fetch attempt 1 at 11:36:47
39 info attempt registry request try #1 at 11:36:47
40 http fetch GET https://registry.npm.taobao.org/commitizen/download/commitizen-2.5.0.tgz
41 http fetch 200 https://registry.npm.taobao.org/commitizen/download/commitizen-2.5.0.tgz
42 silly fetchAndShaCheck shasum 18cb57b5d115571ff1f8d983ee1b3e88dd54a32f
43 verbose addTmpTarball C:\Users\gongbaodd\AppData\Local\Temp\npm-6720-57bbe77d\registry.npm.taobao.org\commitizen\download\commitizen-2.5.0.tgz not in flight; adding
44 verbose addTmpTarball already have metadata; skipping unpack for commitizen@2.5.0
45 verbose correctMkdir C:\Users\gongbaodd\.cnpm correctMkdir not in flight; initializing
46 silly cache afterAdd commitizen@2.5.0
47 verbose afterAdd C:\Users\gongbaodd\.cnpm\commitizen\2.5.0\package\package.json not in flight; writing
48 verbose correctMkdir C:\Users\gongbaodd\.cnpm correctMkdir not in flight; initializing
49 verbose afterAdd C:\Users\gongbaodd\.cnpm\commitizen\2.5.0\package\package.json written
50 silly install resolved [ { name: 'commitizen',
50 silly install resolved     version: '2.5.0',
50 silly install resolved     description: 'Git commit, but play nice with conventions.',
50 silly install resolved     main: 'src/index.js',
50 silly install resolved     scripts:
50 silly install resolved      { 'check-coverage': 'istanbul check-coverage --statements 80 --branches 80 --functions 80 --lines 80 ',
50 silly install resolved        commit: 'node bin/git-cz',
50 silly install resolved        build: 'babel src --out-dir dist',
50 silly install resolved        'build:watch': 'babel --watch src --out-dir dist',
50 silly install resolved        prepublish: 'npm run build',
50 silly install resolved        'report-coverage': 'cat ./coverage/lcov.info | codecov',
50 silly install resolved        'semantic-release': 'semantic-release pre && npm publish && semantic-release post',
50 silly install resolved        start: 'npm run test:watch',
50 silly install resolved        test: 'istanbul cover -x ./test node_modules/mocha/bin/_mocha -- -R spec test/tests/index.js --compilers js:babel/register',
50 silly install resolved        'test:watch': 'nodemon -q --ignore test/.tmp/ --ignore test/artifacts/ --ignore coverage/ --exec "npm run test" --',
50 silly install resolved        'test:windows': 'node ./test/tools/trigger-appveyor-tests.js' },
50 silly install resolved     config: { commitizen: [Object], ghooks: [Object] },
50 silly install resolved     homepage: 'https://github.com/commitizen/cz-cli',
50 silly install resolved     repository:
50 silly install resolved      { type: 'git',
50 silly install resolved        url: 'git+https://github.com/commitizen/cz-cli.git' },
50 silly install resolved     keywords:
50 silly install resolved      [ 'commit',
50 silly install resolved        'pretty',
50 silly install resolved        'format',
50 silly install resolved        'conventional changelog',
50 silly install resolved        'commitizen' ],
50 silly install resolved     bugs: { url: 'https://github.com/commitizen/cz-cli/issues' },
50 silly install resolved     bin: { 'git-cz': './bin/git-cz', commitizen: './bin/commitizen' },
50 silly install resolved     author:
50 silly install resolved      { name: 'Jim Cummins',
50 silly install resolved        email: 'jimthedev@gmail.com',
50 silly install resolved        url: 'https://github.com/jimthedev' },
50 silly install resolved     license: 'MIT',
50 silly install resolved     devDependencies:
50 silly install resolved      { axios: '0.7.0',
50 silly install resolved        chai: '3.4.1',
50 silly install resolved        'codecov.io': '0.1.6',
50 silly install resolved        ghooks: '1.0.0',
50 silly install resolved        istanbul: '0.3.22',
50 silly install resolved        mocha: '2.3.4',
50 silly install resolved        'semantic-release': '^4.3.5' },
50 silly install resolved     dependencies:
50 silly install resolved      { babel: '5.8.34',
50 silly install resolved        chalk: '1.1.1',
50 silly install resolved        'cz-conventional-changelog': '1.1.4',
50 silly install resolved        dedent: '0.6.0',
50 silly install resolved        'detect-indent': '4.0.0',
50 silly install resolved        'find-node-modules': '1.0.1',
50 silly install resolved        glob: '6.0.1',
50 silly install resolved        gulp: '3.9.0',
50 silly install resolved        'gulp-git': '1.6.0',
50 silly install resolved        inquirer: '0.11.0',
50 silly install resolved        lodash: '3.10.1',
50 silly install resolved        minimist: '1.2.0',
50 silly install resolved        'node-uuid': '1.4.7',
50 silly install resolved        nodemon: '1.8.1',
50 silly install resolved        rimraf: '2.4.3',
50 silly install resolved        semver: '5.0.3',
50 silly install resolved        shelljs: '0.5.3',
50 silly install resolved        'strip-json-comments': '2.0.0' },
50 silly install resolved     gitHead: 'bf6d2dbe27029181487029a8115228171c95980e',
50 silly install resolved     _id: 'commitizen@2.5.0',
50 silly install resolved     _shasum: '18cb57b5d115571ff1f8d983ee1b3e88dd54a32f',
50 silly install resolved     _from: 'commitizen@latest',
50 silly install resolved     _npmVersion: '2.14.15',
50 silly install resolved     _nodeVersion: '4.2.4',
50 silly install resolved     _npmUser: { name: 'jimthedev', email: 'jimthedev@gmail.com' },
50 silly install resolved     dist:
50 silly install resolved      { shasum: '18cb57b5d115571ff1f8d983ee1b3e88dd54a32f',
50 silly install resolved        size: 73167,
50 silly install resolved        noattachment: false,
50 silly install resolved        tarball: 'http://registry.npm.taobao.org/commitizen/download/commitizen-2.5.0.tgz' },
50 silly install resolved     maintainers: [ [Object], [Object], [Object] ],
50 silly install resolved     directories: {},
50 silly install resolved     publish_time: 1452434734405,
50 silly install resolved     _cnpm_publish_time: 1452434734405,
50 silly install resolved     _resolved: 'https://registry.npm.taobao.org/commitizen/download/commitizen-2.5.0.tgz' } ]
51 info install commitizen@2.5.0 into C:\Program Files\nodejs
52 info installOne commitizen@2.5.0
53 verbose installOne of commitizen to C:\Program Files\nodejs not in flight; installing
54 verbose correctMkdir C:\Users\gongbaodd\.cnpm\_locks correctMkdir not in flight; initializing
55 verbose makeDirectory C:\Users\gongbaodd\.cnpm\_locks creation not in flight; initializing
56 verbose makeCacheDir UID & GID are irrelevant on win32
57 verbose lock using C:\Users\gongbaodd\.cnpm\_locks\commitizen-31eb0da8a6019e79.lock for C:\Program Files\nodejs\node_modules\commitizen
58 silly install write writing commitizen 2.5.0 to C:\Program Files\nodejs\node_modules\commitizen
59 verbose unbuild node_modules\commitizen
60 silly gentlyRm C:\Program Files\nodejs\node_modules\commitizen is being purged from base C:\Program Files\nodejs
61 verbose gentlyRm don't care about contents; nuking C:\Program Files\nodejs\node_modules\commitizen
62 verbose tar unpack C:\Users\gongbaodd\.cnpm\commitizen\2.5.0\package.tgz
63 verbose tar unpacking to C:\Program Files\nodejs\node_modules\commitizen
64 silly gentlyRm C:\Program Files\nodejs\node_modules\commitizen is being purged
65 verbose gentlyRm don't care about contents; nuking C:\Program Files\nodejs\node_modules\commitizen
66 silly gunzTarPerm modes [ '777', '666' ]
67 error tar.unpack untar error C:\Users\gongbaodd\.cnpm\commitizen\2.5.0\package.tgz
68 verbose unlock done using C:\Users\gongbaodd\.cnpm\_locks\commitizen-31eb0da8a6019e79.lock for C:\Program Files\nodejs\node_modules\commitizen
69 verbose fstream_path C:\Program Files\nodejs\node_modules\commitizen
70 verbose fstream_type Directory
71 verbose fstream_class DirWriter
72 verbose stack Error: EPERM: operation not permitted, mkdir 'C:\Program Files\nodejs\node_modules\commitizen'
72 verbose stack     at Error (native)
73 verbose fstream_stack C:\Users\gongbaodd\AppData\Roaming\npm\node_modules\cnpm\node_modules\npm\node_modules\fstream\lib\dir-writer.js:35:25
73 verbose fstream_stack C:\Users\gongbaodd\AppData\Roaming\npm\node_modules\cnpm\node_modules\npm\node_modules\mkdirp\index.js:47:53
73 verbose fstream_stack FSReqWrap.oncomplete (fs.js:83:15)
74 verbose cwd C:\Users\gongbaodd\Documents\GitHub\gongbaodd.github.io
75 error Windows_NT 10.0.10240
76 error argv "C:\\Program Files\\nodejs\\node.exe" "C:\\Users\\gongbaodd\\AppData\\Roaming\\npm\\node_modules\\cnpm\\node_modules\\npm\\bin\\npm-cli.js" "--userconfig=C:\\Users\\gongbaodd\\.cnpmrc" "--disturl=https://npm.taobao.org/mirrors/node" "--cache=C:\\Users\\gongbaodd\\.cnpm" "--registry=https://registry.npm.taobao.org" "--node-gyp=C:\\Users\\gongbaodd\\AppData\\Roaming\\npm\\node_modules\\cnpm\\node_modules\\node-gyp\\bin\\node-gyp.js" "install" "-g" "commitizen"
77 error node v5.2.0
78 error npm  v2.14.16
79 error path C:\Program Files\nodejs\node_modules\commitizen
80 error code EPERM
81 error errno -4048
82 error syscall mkdir
83 error Error: EPERM: operation not permitted, mkdir 'C:\Program Files\nodejs\node_modules\commitizen'
83 error     at Error (native)
83 error  { [Error: EPERM: operation not permitted, mkdir 'C:\Program Files\nodejs\node_modules\commitizen']
83 error   errno: -4048,
83 error   code: 'EPERM',
83 error   syscall: 'mkdir',
83 error   path: 'C:\\Program Files\\nodejs\\node_modules\\commitizen',
83 error   fstream_type: 'Directory',
83 error   fstream_path: 'C:\\Program Files\\nodejs\\node_modules\\commitizen',
83 error   fstream_class: 'DirWriter',
83 error   fstream_stack:
83 error    [ 'C:\\Users\\gongbaodd\\AppData\\Roaming\\npm\\node_modules\\cnpm\\node_modules\\npm\\node_modules\\fstream\\lib\\dir-writer.js:35:25',
83 error      'C:\\Users\\gongbaodd\\AppData\\Roaming\\npm\\node_modules\\cnpm\\node_modules\\npm\\node_modules\\mkdirp\\index.js:47:53',
83 error      'FSReqWrap.oncomplete (fs.js:83:15)' ] }
84 error Please try running this command again as root/Administrator.
85 verbose exit [ -4048, true ]
86 verbose unbuild node_modules\commitizen
87 silly gentlyRm C:\Program Files\nodejs\node_modules\commitizen is being purged from base C:\Program Files\nodejs
88 verbose gentlyRm don't care about contents; nuking C:\Program Files\nodejs\node_modules\commitizen
